Reading netlist file: "C:\Users\laura\Desktop\FemtoRV_UN\lcd_test\impl\gwsynthesis\rgb_lcd.vg"
Parsing netlist file "C:\Users\laura\Desktop\FemtoRV_UN\lcd_test\impl\gwsynthesis\rgb_lcd.vg" completed
Processing netlist completed
Reading constraint file: "C:\Users\laura\Desktop\FemtoRV_UN\lcd_test\src\rgb_lcd.cst"
Physical Constraint parsed completed
Running placement......
[10%] Placement Phase 0 completed
[20%] Placement Phase 1 completed
[30%] Placement Phase 2 completed
[50%] Placement Phase 3 completed
Running routing......
[60%] Routing Phase 0 completed
[70%] Routing Phase 1 completed
[80%] Routing Phase 2 completed
[90%] Routing Phase 3 completed
Running timing analysis......
[95%] Timing analysis completed
Placement and routing completed
Bitstream generation in progress......
Bitstream generation completed
Running power analysis......
[100%] Power analysis completed
Generate file "C:\Users\laura\Desktop\FemtoRV_UN\lcd_test\impl\pnr\rgb_lcd.power.html" completed
Generate file "C:\Users\laura\Desktop\FemtoRV_UN\lcd_test\impl\pnr\rgb_lcd.pin.html" completed
Generate file "C:\Users\laura\Desktop\FemtoRV_UN\lcd_test\impl\pnr\rgb_lcd.rpt.html" completed
Generate file "C:\Users\laura\Desktop\FemtoRV_UN\lcd_test\impl\pnr\rgb_lcd.rpt.txt" completed
Generate file "C:\Users\laura\Desktop\FemtoRV_UN\lcd_test\impl\pnr\rgb_lcd.tr.html" completed
Tue Jun 16 02:10:08 2026

